<?xml version="1.0" encoding="UTF-8"?>
<!-- Generated by org.testng.reporters.JUnitReportReporter -->
<testsuite hostname="LAPTOP-UCS462PH" failures="0" tests="1" name="com.gocollect.tests.JobsTests" time="93.460" errors="0" timestamp="23 Jun 2022 15:08:30 GMT">
  <testcase classname="com.gocollect.tests.JobsTests" name="validateJobPage_DelPickJob" time="93.460"/>
</testsuite> <!-- com.gocollect.tests.JobsTests -->
