<?xml version="1.0" encoding="UTF-8"?>
<!-- Generated by org.testng.reporters.JUnitReportReporter -->
<testsuite hostname="LAPTOP-UCS462PH" failures="0" tests="1" name="com.gocollect.tests.CouncilPermitTests" time="45.890" errors="0" timestamp="23 Jun 2022 15:08:30 GMT">
  <testcase classname="com.gocollect.tests.CouncilPermitTests" name="validateCouncilPage_launch" time="45.890"/>
</testsuite> <!-- com.gocollect.tests.CouncilPermitTests -->
