<?xml version="1.0" encoding="UTF-8"?>
<!-- Generated by org.testng.reporters.JUnitReportReporter -->
<testsuite hostname="kirannissi" failures="0" tests="1" name="com.gocollect.tests.DriversTests" time="51.352" errors="0" timestamp="5 Jul 2022 06:44:13 GMT">
  <testcase classname="com.gocollect.tests.DriversTests" name="validateDrivers_Searched_successfully" time="51.352"/>
</testsuite> <!-- com.gocollect.tests.DriversTests -->
