<?xml version="1.0" encoding="UTF-8"?>
<!-- Generated by org.testng.reporters.JUnitReportReporter -->
<testsuite hostname="LAPTOP-UCS462PH" failures="0" tests="1" name="com.gocollect.tests.HomePageTests" time="43.520" errors="0" timestamp="23 Jun 2022 15:08:30 GMT">
  <testcase classname="com.gocollect.tests.HomePageTests" name="validateHomePage_LoggedInUser" time="43.520"/>
</testsuite> <!-- com.gocollect.tests.HomePageTests -->
